/usr/bin/ld: CMakeFiles/yolo-trt.dir/src/samples/sample_detector.cpp.o: in function `ros::Publisher ros::NodeHandle::advertise<geometry_msgs::PoseArray_<std::allocator<void> > >(std::__cxx11::basic_string<char, std::char_traits<char>, std::allocator<char> > const&, unsigned int, bool)':
sample_detector.cpp:(.text._ZN3ros10NodeHandle9advertiseIN13geometry_msgs10PoseArray_ISaIvEEEEENS_9PublisherERKNSt7__cxx1112basic_stringIcSt11char_traitsIcESaIcEEEjb[_ZN3ros10NodeHandle9advertiseIN13geometry_msgs10PoseArray_ISaIvEEEEENS_9PublisherERKNSt7__cxx1112basic_stringIcSt11char_traitsIcESaIcEEEjb]+0x426): undefined reference to `ros::NodeHandle::advertise(ros::AdvertiseOptions&)'
/usr/bin/ld: CMakeFiles/yolo-trt.dir/src/samples/sample_detector.cpp.o: in function `ros::SerializedMessage ros::serialization::serializeMessage<geometry_msgs::PoseArray_<std::allocator<void> > >(geometry_msgs::PoseArray_<std::allocator<void> > const&)':
sample_detector.cpp:(.text._ZN3ros13serialization16serializeMessageIN13geometry_msgs10PoseArray_ISaIvEEEEENS_17SerializedMessageERKT_[_ZN3ros13serialization16serializeMessageIN13geometry_msgs10PoseArray_ISaIvEEEEENS_17SerializedMessageERKT_]+0x281): undefined reference to `ros::serialization::throwStreamOverrun()'
/usr/bin/ld: sample_detector.cpp:(.text._ZN3ros13serialization16serializeMessageIN13geometry_msgs10PoseArray_ISaIvEEEEENS_17SerializedMessageERKT_[_ZN3ros13serialization16serializeMessageIN13geometry_msgs10PoseArray_ISaIvEEEEENS_17SerializedMessageERKT_]+0x291): undefined reference to `ros::serialization::throwStreamOverrun()'
/usr/bin/ld: sample_detector.cpp:(.text._ZN3ros13serialization16serializeMessageIN13geometry_msgs10PoseArray_ISaIvEEEEENS_17SerializedMessageERKT_[_ZN3ros13serialization16serializeMessageIN13geometry_msgs10PoseArray_ISaIvEEEEENS_17SerializedMessageERKT_]+0x2a1): undefined reference to `ros::serialization::throwStreamOverrun()'
/usr/bin/ld: sample_detector.cpp:(.text._ZN3ros13serialization16serializeMessageIN13geometry_msgs10PoseArray_ISaIvEEEEENS_17SerializedMessageERKT_[_ZN3ros13serialization16serializeMessageIN13geometry_msgs10PoseArray_ISaIvEEEEENS_17SerializedMessageERKT_]+0x2b1): undefined reference to `ros::serialization::throwStreamOverrun()'
/usr/bin/ld: sample_detector.cpp:(.text._ZN3ros13serialization16serializeMessageIN13geometry_msgs10PoseArray_ISaIvEEEEENS_17SerializedMessageERKT_[_ZN3ros13serialization16serializeMessageIN13geometry_msgs10PoseArray_ISaIvEEEEENS_17SerializedMessageERKT_]+0x2c1): undefined reference to `ros::serialization::throwStreamOverrun()'
/usr/bin/ld: CMakeFiles/yolo-trt.dir/src/samples/sample_detector.cpp.o:sample_detector.cpp:(.text._ZN3ros13serialization16serializeMessageIN13geometry_msgs10PoseArray_ISaIvEEEEENS_17SerializedMessageERKT_[_ZN3ros13serialization16serializeMessageIN13geometry_msgs10PoseArray_ISaIvEEEEENS_17SerializedMessageERKT_]+0x2d1): more undefined references to `ros::serialization::throwStreamOverrun()' follow
/usr/bin/ld: CMakeFiles/yolo-trt.dir/src/samples/sample_detector.cpp.o: in function `void ros::Publisher::publish<geometry_msgs::PoseArray_<std::allocator<void> > >(geometry_msgs::PoseArray_<std::allocator<void> > const&) const':
sample_detector.cpp:(.text._ZNK3ros9Publisher7publishIN13geometry_msgs10PoseArray_ISaIvEEEEEvRKT_[_ZNK3ros9Publisher7publishIN13geometry_msgs10PoseArray_ISaIvEEEEEvRKT_]+0x33): undefined reference to `ros::Publisher::Impl::isValid() const'
/usr/bin/ld: sample_detector.cpp:(.text._ZNK3ros9Publisher7publishIN13geometry_msgs10PoseArray_ISaIvEEEEEvRKT_[_ZNK3ros9Publisher7publishIN13geometry_msgs10PoseArray_ISaIvEEEEEvRKT_]+0x41): undefined reference to `ros::console::g_initialized'
/usr/bin/ld: sample_detector.cpp:(.text._ZNK3ros9Publisher7publishIN13geometry_msgs10PoseArray_ISaIvEEEEEvRKT_[_ZNK3ros9Publisher7publishIN13geometry_msgs10PoseArray_ISaIvEEEEEvRKT_]+0x75): undefined reference to `ros::console::g_initialized'
/usr/bin/ld: sample_detector.cpp:(.text._ZNK3ros9Publisher7publishIN13geometry_msgs10PoseArray_ISaIvEEEEEvRKT_[_ZNK3ros9Publisher7publishIN13geometry_msgs10PoseArray_ISaIvEEEEEvRKT_]+0xa9): undefined reference to `ros::console::g_initialized'
/usr/bin/ld: sample_detector.cpp:(.text._ZNK3ros9Publisher7publishIN13geometry_msgs10PoseArray_ISaIvEEEEEvRKT_[_ZNK3ros9Publisher7publishIN13geometry_msgs10PoseArray_ISaIvEEEEEvRKT_]+0x127): undefined reference to `ros::console::g_initialized'
/usr/bin/ld: sample_detector.cpp:(.text._ZNK3ros9Publisher7publishIN13geometry_msgs10PoseArray_ISaIvEEEEEvRKT_[_ZNK3ros9Publisher7publishIN13geometry_msgs10PoseArray_ISaIvEEEEEvRKT_]+0x1cb): undefined reference to `ros::Publisher::publish(boost::function<ros::SerializedMessage ()> const&, ros::SerializedMessage&) const'
/usr/bin/ld: sample_detector.cpp:(.text._ZNK3ros9Publisher7publishIN13geometry_msgs10PoseArray_ISaIvEEEEEvRKT_[_ZNK3ros9Publisher7publishIN13geometry_msgs10PoseArray_ISaIvEEEEEvRKT_]+0x282): undefined reference to `ros::console::g_initialized'
/usr/bin/ld: sample_detector.cpp:(.text._ZNK3ros9Publisher7publishIN13geometry_msgs10PoseArray_ISaIvEEEEEvRKT_[_ZNK3ros9Publisher7publishIN13geometry_msgs10PoseArray_ISaIvEEEEEvRKT_]+0x2b6): undefined reference to `ros::console::g_initialized'
/usr/bin/ld: sample_detector.cpp:(.text._ZNK3ros9Publisher7publishIN13geometry_msgs10PoseArray_ISaIvEEEEEvRKT_[_ZNK3ros9Publisher7publishIN13geometry_msgs10PoseArray_ISaIvEEEEEvRKT_]+0x2ea): undefined reference to `ros::console::g_initialized'
/usr/bin/ld: sample_detector.cpp:(.text._ZNK3ros9Publisher7publishIN13geometry_msgs10PoseArray_ISaIvEEEEEvRKT_[_ZNK3ros9Publisher7publishIN13geometry_msgs10PoseArray_ISaIvEEEEEvRKT_]+0x34e): undefined reference to `ros::console::print(ros::console::FilterBase*, void*, ros::console::levels::Level, char const*, int, char const*, char const*, ...)'
/usr/bin/ld: sample_detector.cpp:(.text._ZNK3ros9Publisher7publishIN13geometry_msgs10PoseArray_ISaIvEEEEEvRKT_[_ZNK3ros9Publisher7publishIN13geometry_msgs10PoseArray_ISaIvEEEEEvRKT_]+0x4c9): undefined reference to `ros::console::initializeLogLocation(ros::console::LogLocation*, std::__cxx11::basic_string<char, std::char_traits<char>, std::allocator<char> > const&, ros::console::levels::Level)'
/usr/bin/ld: sample_detector.cpp:(.text._ZNK3ros9Publisher7publishIN13geometry_msgs10PoseArray_ISaIvEEEEEvRKT_[_ZNK3ros9Publisher7publishIN13geometry_msgs10PoseArray_ISaIvEEEEEvRKT_]+0x4e9): undefined reference to `ros::console::initialize()'
/usr/bin/ld: sample_detector.cpp:(.text._ZNK3ros9Publisher7publishIN13geometry_msgs10PoseArray_ISaIvEEEEEvRKT_[_ZNK3ros9Publisher7publishIN13geometry_msgs10PoseArray_ISaIvEEEEEvRKT_]+0x539): undefined reference to `ros::console::initializeLogLocation(ros::console::LogLocation*, std::__cxx11::basic_string<char, std::char_traits<char>, std::allocator<char> > const&, ros::console::levels::Level)'
/usr/bin/ld: sample_detector.cpp:(.text._ZNK3ros9Publisher7publishIN13geometry_msgs10PoseArray_ISaIvEEEEEvRKT_[_ZNK3ros9Publisher7publishIN13geometry_msgs10PoseArray_ISaIvEEEEEvRKT_]+0x565): undefined reference to `ros::console::setLogLocationLevel(ros::console::LogLocation*, ros::console::levels::Level)'
/usr/bin/ld: sample_detector.cpp:(.text._ZNK3ros9Publisher7publishIN13geometry_msgs10PoseArray_ISaIvEEEEEvRKT_[_ZNK3ros9Publisher7publishIN13geometry_msgs10PoseArray_ISaIvEEEEEvRKT_]+0x571): undefined reference to `ros::console::checkLogLocationEnabled(ros::console::LogLocation*)'
/usr/bin/ld: sample_detector.cpp:(.text._ZNK3ros9Publisher7publishIN13geometry_msgs10PoseArray_ISaIvEEEEEvRKT_[_ZNK3ros9Publisher7publishIN13geometry_msgs10PoseArray_ISaIvEEEEEvRKT_]+0x5c1): undefined reference to `ros::console::initializeLogLocation(ros::console::LogLocation*, std::__cxx11::basic_string<char, std::char_traits<char>, std::allocator<char> > const&, ros::console::levels::Level)'
/usr/bin/ld: sample_detector.cpp:(.text._ZNK3ros9Publisher7publishIN13geometry_msgs10PoseArray_ISaIvEEEEEvRKT_[_ZNK3ros9Publisher7publishIN13geometry_msgs10PoseArray_ISaIvEEEEEvRKT_]+0x5ed): undefined reference to `ros::console::setLogLocationLevel(ros::console::LogLocation*, ros::console::levels::Level)'
/usr/bin/ld: sample_detector.cpp:(.text._ZNK3ros9Publisher7publishIN13geometry_msgs10PoseArray_ISaIvEEEEEvRKT_[_ZNK3ros9Publisher7publishIN13geometry_msgs10PoseArray_ISaIvEEEEEvRKT_]+0x5f9): undefined reference to `ros::console::checkLogLocationEnabled(ros::console::LogLocation*)'
/usr/bin/ld: sample_detector.cpp:(.text._ZNK3ros9Publisher7publishIN13geometry_msgs10PoseArray_ISaIvEEEEEvRKT_[_ZNK3ros9Publisher7publishIN13geometry_msgs10PoseArray_ISaIvEEEEEvRKT_]+0x641): undefined reference to `ros::console::print(ros::console::FilterBase*, void*, ros::console::levels::Level, char const*, int, char const*, char const*, ...)'
/usr/bin/ld: sample_detector.cpp:(.text._ZNK3ros9Publisher7publishIN13geometry_msgs10PoseArray_ISaIvEEEEEvRKT_[_ZNK3ros9Publisher7publishIN13geometry_msgs10PoseArray_ISaIvEEEEEvRKT_]+0x651): undefined reference to `ros::console::initialize()'
/usr/bin/ld: sample_detector.cpp:(.text._ZNK3ros9Publisher7publishIN13geometry_msgs10PoseArray_ISaIvEEEEEvRKT_[_ZNK3ros9Publisher7publishIN13geometry_msgs10PoseArray_ISaIvEEEEEvRKT_]+0x66d): undefined reference to `ros::console::setLogLocationLevel(ros::console::LogLocation*, ros::console::levels::Level)'
/usr/bin/ld: sample_detector.cpp:(.text._ZNK3ros9Publisher7publishIN13geometry_msgs10PoseArray_ISaIvEEEEEvRKT_[_ZNK3ros9Publisher7publishIN13geometry_msgs10PoseArray_ISaIvEEEEEvRKT_]+0x679): undefined reference to `ros::console::checkLogLocationEnabled(ros::console::LogLocation*)'
/usr/bin/ld: sample_detector.cpp:(.text._ZNK3ros9Publisher7publishIN13geometry_msgs10PoseArray_ISaIvEEEEEvRKT_[_ZNK3ros9Publisher7publishIN13geometry_msgs10PoseArray_ISaIvEEEEEvRKT_]+0x6ba): undefined reference to `ros::console::print(ros::console::FilterBase*, void*, ros::console::levels::Level, char const*, int, char const*, char const*, ...)'
/usr/bin/ld: sample_detector.cpp:(.text._ZNK3ros9Publisher7publishIN13geometry_msgs10PoseArray_ISaIvEEEEEvRKT_[_ZNK3ros9Publisher7publishIN13geometry_msgs10PoseArray_ISaIvEEEEEvRKT_]+0x6d1): undefined reference to `ros::console::initialize()'
/usr/bin/ld: sample_detector.cpp:(.text._ZNK3ros9Publisher7publishIN13geometry_msgs10PoseArray_ISaIvEEEEEvRKT_[_ZNK3ros9Publisher7publishIN13geometry_msgs10PoseArray_ISaIvEEEEEvRKT_]+0x721): undefined reference to `ros::console::initializeLogLocation(ros::console::LogLocation*, std::__cxx11::basic_string<char, std::char_traits<char>, std::allocator<char> > const&, ros::console::levels::Level)'
/usr/bin/ld: sample_detector.cpp:(.text._ZNK3ros9Publisher7publishIN13geometry_msgs10PoseArray_ISaIvEEEEEvRKT_[_ZNK3ros9Publisher7publishIN13geometry_msgs10PoseArray_ISaIvEEEEEvRKT_]+0x74d): undefined reference to `ros::console::setLogLocationLevel(ros::console::LogLocation*, ros::console::levels::Level)'
/usr/bin/ld: sample_detector.cpp:(.text._ZNK3ros9Publisher7publishIN13geometry_msgs10PoseArray_ISaIvEEEEEvRKT_[_ZNK3ros9Publisher7publishIN13geometry_msgs10PoseArray_ISaIvEEEEEvRKT_]+0x759): undefined reference to `ros::console::checkLogLocationEnabled(ros::console::LogLocation*)'
/usr/bin/ld: sample_detector.cpp:(.text._ZNK3ros9Publisher7publishIN13geometry_msgs10PoseArray_ISaIvEEEEEvRKT_[_ZNK3ros9Publisher7publishIN13geometry_msgs10PoseArray_ISaIvEEEEEvRKT_]+0x79a): undefined reference to `ros::console::print(ros::console::FilterBase*, void*, ros::console::levels::Level, char const*, int, char const*, char const*, ...)'
/usr/bin/ld: sample_detector.cpp:(.text._ZNK3ros9Publisher7publishIN13geometry_msgs10PoseArray_ISaIvEEEEEvRKT_[_ZNK3ros9Publisher7publishIN13geometry_msgs10PoseArray_ISaIvEEEEEvRKT_]+0x7e1): undefined reference to `ros::console::print(ros::console::FilterBase*, void*, ros::console::levels::Level, char const*, int, char const*, char const*, ...)'
/usr/bin/ld: sample_detector.cpp:(.text._ZNK3ros9Publisher7publishIN13geometry_msgs10PoseArray_ISaIvEEEEEvRKT_[_ZNK3ros9Publisher7publishIN13geometry_msgs10PoseArray_ISaIvEEEEEvRKT_]+0x7f1): undefined reference to `ros::console::initialize()'
/usr/bin/ld: sample_detector.cpp:(.text._ZNK3ros9Publisher7publishIN13geometry_msgs10PoseArray_ISaIvEEEEEvRKT_[_ZNK3ros9Publisher7publishIN13geometry_msgs10PoseArray_ISaIvEEEEEvRKT_]+0x841): undefined reference to `ros::console::initializeLogLocation(ros::console::LogLocation*, std::__cxx11::basic_string<char, std::char_traits<char>, std::allocator<char> > const&, ros::console::levels::Level)'
/usr/bin/ld: sample_detector.cpp:(.text._ZNK3ros9Publisher7publishIN13geometry_msgs10PoseArray_ISaIvEEEEEvRKT_[_ZNK3ros9Publisher7publishIN13geometry_msgs10PoseArray_ISaIvEEEEEvRKT_]+0x86d): undefined reference to `ros::console::setLogLocationLevel(ros::console::LogLocation*, ros::console::levels::Level)'
/usr/bin/ld: sample_detector.cpp:(.text._ZNK3ros9Publisher7publishIN13geometry_msgs10PoseArray_ISaIvEEEEEvRKT_[_ZNK3ros9Publisher7publishIN13geometry_msgs10PoseArray_ISaIvEEEEEvRKT_]+0x879): undefined reference to `ros::console::checkLogLocationEnabled(ros::console::LogLocation*)'
/usr/bin/ld: sample_detector.cpp:(.text._ZNK3ros9Publisher7publishIN13geometry_msgs10PoseArray_ISaIvEEEEEvRKT_[_ZNK3ros9Publisher7publishIN13geometry_msgs10PoseArray_ISaIvEEEEEvRKT_]+0x895): undefined reference to `ros::console::setLogLocationLevel(ros::console::LogLocation*, ros::console::levels::Level)'
/usr/bin/ld: sample_detector.cpp:(.text._ZNK3ros9Publisher7publishIN13geometry_msgs10PoseArray_ISaIvEEEEEvRKT_[_ZNK3ros9Publisher7publishIN13geometry_msgs10PoseArray_ISaIvEEEEEvRKT_]+0x8a1): undefined reference to `ros::console::checkLogLocationEnabled(ros::console::LogLocation*)'
/usr/bin/ld: sample_detector.cpp:(.text._ZNK3ros9Publisher7publishIN13geometry_msgs10PoseArray_ISaIvEEEEEvRKT_[_ZNK3ros9Publisher7publishIN13geometry_msgs10PoseArray_ISaIvEEEEEvRKT_]+0x8b1): undefined reference to `ros::console::initialize()'
/usr/bin/ld: sample_detector.cpp:(.text._ZNK3ros9Publisher7publishIN13geometry_msgs10PoseArray_ISaIvEEEEEvRKT_[_ZNK3ros9Publisher7publishIN13geometry_msgs10PoseArray_ISaIvEEEEEvRKT_]+0x8fd): undefined reference to `ros::console::print(ros::console::FilterBase*, void*, ros::console::levels::Level, char const*, int, char const*, char const*, ...)'
/usr/bin/ld: sample_detector.cpp:(.text._ZNK3ros9Publisher7publishIN13geometry_msgs10PoseArray_ISaIvEEEEEvRKT_[_ZNK3ros9Publisher7publishIN13geometry_msgs10PoseArray_ISaIvEEEEEvRKT_]+0x911): undefined reference to `ros::console::initialize()'
/usr/bin/ld: sample_detector.cpp:(.text._ZNK3ros9Publisher7publishIN13geometry_msgs10PoseArray_ISaIvEEEEEvRKT_[_ZNK3ros9Publisher7publishIN13geometry_msgs10PoseArray_ISaIvEEEEEvRKT_]+0x961): undefined reference to `ros::console::initializeLogLocation(ros::console::LogLocation*, std::__cxx11::basic_string<char, std::char_traits<char>, std::allocator<char> > const&, ros::console::levels::Level)'
/usr/bin/ld: sample_detector.cpp:(.text._ZNK3ros9Publisher7publishIN13geometry_msgs10PoseArray_ISaIvEEEEEvRKT_[_ZNK3ros9Publisher7publishIN13geometry_msgs10PoseArray_ISaIvEEEEEvRKT_]+0x981): undefined reference to `ros::console::initialize()'
/usr/bin/ld: sample_detector.cpp:(.text._ZNK3ros9Publisher7publishIN13geometry_msgs10PoseArray_ISaIvEEEEEvRKT_[_ZNK3ros9Publisher7publishIN13geometry_msgs10PoseArray_ISaIvEEEEEvRKT_]+0x9f9): undefined reference to `ros::console::print(ros::console::FilterBase*, void*, ros::console::levels::Level, char const*, int, char const*, char const*, ...)'
/usr/bin/ld: sample_detector.cpp:(.text._ZNK3ros9Publisher7publishIN13geometry_msgs10PoseArray_ISaIvEEEEEvRKT_[_ZNK3ros9Publisher7publishIN13geometry_msgs10PoseArray_ISaIvEEEEEvRKT_]+0xa1a): undefined reference to `ros::console::setLogLocationLevel(ros::console::LogLocation*, ros::console::levels::Level)'
/usr/bin/ld: sample_detector.cpp:(.text._ZNK3ros9Publisher7publishIN13geometry_msgs10PoseArray_ISaIvEEEEEvRKT_[_ZNK3ros9Publisher7publishIN13geometry_msgs10PoseArray_ISaIvEEEEEvRKT_]+0xa26): undefined reference to `ros::console::checkLogLocationEnabled(ros::console::LogLocation*)'
/usr/bin/ld: sample_detector.cpp:(.text._ZNK3ros9Publisher7publishIN13geometry_msgs10PoseArray_ISaIvEEEEEvRKT_[_ZNK3ros9Publisher7publishIN13geometry_msgs10PoseArray_ISaIvEEEEEvRKT_]+0xa71): undefined reference to `ros::console::initializeLogLocation(ros::console::LogLocation*, std::__cxx11::basic_string<char, std::char_traits<char>, std::allocator<char> > const&, ros::console::levels::Level)'
/usr/bin/ld: CMakeFiles/yolo-trt.dir/src/samples/sample_detector.cpp.o: in function `main':
sample_detector.cpp:(.text.startup+0x250): undefined reference to `ros::init(int&, char**, std::__cxx11::basic_string<char, std::char_traits<char>, std::allocator<char> > const&, unsigned int)'
/usr/bin/ld: sample_detector.cpp:(.text.startup+0x2e1): undefined reference to `ros::NodeHandle::NodeHandle(std::__cxx11::basic_string<char, std::char_traits<char>, std::allocator<char> > const&, std::map<std::__cxx11::basic_string<char, std::char_traits<char>, std::allocator<char> >, std::__cxx11::basic_string<char, std::char_traits<char>, std::allocator<char> >, std::less<std::__cxx11::basic_string<char, std::char_traits<char>, std::allocator<char> > >, std::allocator<std::pair<std::__cxx11::basic_string<char, std::char_traits<char>, std::allocator<char> > const, std::__cxx11::basic_string<char, std::char_traits<char>, std::allocator<char> > > > > const&)'
/usr/bin/ld: sample_detector.cpp:(.text.startup+0x372): undefined reference to `ros::Rate::Rate(double)'
/usr/bin/ld: sample_detector.cpp:(.text.startup+0x7cc): undefined reference to `ros::Time::now()'
/usr/bin/ld: sample_detector.cpp:(.text.startup+0x110e): undefined reference to `ros::spinOnce()'
/usr/bin/ld: sample_detector.cpp:(.text.startup+0x111a): undefined reference to `ros::Rate::sleep()'
/usr/bin/ld: sample_detector.cpp:(.text.startup+0x12ea): undefined reference to `ros::Publisher::~Publisher()'
/usr/bin/ld: sample_detector.cpp:(.text.startup+0x12f6): undefined reference to `ros::NodeHandle::~NodeHandle()'
/usr/bin/ld: CMakeFiles/yolo-trt.dir/src/samples/sample_detector.cpp.o: in function `main.cold':
sample_detector.cpp:(.text.unlikely+0xe8): undefined reference to `ros::Publisher::~Publisher()'
/usr/bin/ld: sample_detector.cpp:(.text.unlikely+0xf4): undefined reference to `ros::NodeHandle::~NodeHandle()'
collect2: error: ld returned 1 exit status
make[2]: *** [CMakeFiles/yolo-trt.dir/build.make:133: yolo-trt] Error 1
make[1]: *** [CMakeFiles/Makefile2:157: CMakeFiles/yolo-trt.dir/all] Error 2
make: *** [Makefile:141: all] Error 2
