Determining if the pthread_create exist failed with the following output:
Change Dir: /home/usi/backup/ClamansUnguis/build/CMakeFiles/CMakeTmp

Run Build Command:"/usr/bin/make" "cmTC_36330/fast"
/usr/bin/make -f CMakeFiles/cmTC_36330.dir/build.make CMakeFiles/cmTC_36330.dir/build
make[1]: Entering directory '/home/usi/backup/ClamansUnguis/build/CMakeFiles/CMakeTmp'
Building C object CMakeFiles/cmTC_36330.dir/CheckSymbolExists.c.o
/usr/bin/cc    -o CMakeFiles/cmTC_36330.dir/CheckSymbolExists.c.o   -c /home/usi/backup/ClamansUnguis/build/CMakeFiles/CMakeTmp/CheckSymbolExists.c
Linking C executable cmTC_36330
/usr/bin/cmake -E cmake_link_script CMakeFiles/cmTC_36330.dir/link.txt --verbose=1
/usr/bin/cc      -rdynamic CMakeFiles/cmTC_36330.dir/CheckSymbolExists.c.o  -o cmTC_36330 
CMakeFiles/cmTC_36330.dir/CheckSymbolExists.c.o: In function `main':
CheckSymbolExists.c:(.text+0x14): undefined reference to `pthread_create'
CheckSymbolExists.c:(.text+0x18): undefined reference to `pthread_create'
collect2: error: ld returned 1 exit status
CMakeFiles/cmTC_36330.dir/build.make:97: recipe for target 'cmTC_36330' failed
make[1]: *** [cmTC_36330] Error 1
make[1]: Leaving directory '/home/usi/backup/ClamansUnguis/build/CMakeFiles/CMakeTmp'
Makefile:126: recipe for target 'cmTC_36330/fast' failed
make: *** [cmTC_36330/fast] Error 2

File /home/usi/backup/ClamansUnguis/build/CMakeFiles/CMakeTmp/CheckSymbolExists.c:
/* */
#include <pthread.h>

int main(int argc, char** argv)
{
  (void)argv;
#ifndef pthread_create
  return ((int*)(&pthread_create))[argc];
#else
  (void)argc;
  return 0;
#endif
}

Determining if the function pthread_create exists in the pthreads failed with the following output:
Change Dir: /home/usi/backup/ClamansUnguis/build/CMakeFiles/CMakeTmp

Run Build Command:"/usr/bin/make" "cmTC_ca56c/fast"
/usr/bin/make -f CMakeFiles/cmTC_ca56c.dir/build.make CMakeFiles/cmTC_ca56c.dir/build
make[1]: Entering directory '/home/usi/backup/ClamansUnguis/build/CMakeFiles/CMakeTmp'
Building C object CMakeFiles/cmTC_ca56c.dir/CheckFunctionExists.c.o
/usr/bin/cc   -DCHECK_FUNCTION_EXISTS=pthread_create   -o CMakeFiles/cmTC_ca56c.dir/CheckFunctionExists.c.o   -c /usr/share/cmake-3.10/Modules/CheckFunctionExists.c
Linking C executable cmTC_ca56c
/usr/bin/cmake -E cmake_link_script CMakeFiles/cmTC_ca56c.dir/link.txt --verbose=1
/usr/bin/cc  -DCHECK_FUNCTION_EXISTS=pthread_create    -rdynamic CMakeFiles/cmTC_ca56c.dir/CheckFunctionExists.c.o  -o cmTC_ca56c -lpthreads 
/usr/bin/ld: cannot find -lpthreads
collect2: error: ld returned 1 exit status
CMakeFiles/cmTC_ca56c.dir/build.make:97: recipe for target 'cmTC_ca56c' failed
make[1]: *** [cmTC_ca56c] Error 1
make[1]: Leaving directory '/home/usi/backup/ClamansUnguis/build/CMakeFiles/CMakeTmp'
Makefile:126: recipe for target 'cmTC_ca56c/fast' failed
make: *** [cmTC_ca56c/fast] Error 2


